<?xml version="1.0" encoding="UTF-8"?>
<!-- Generated by org.testng.reporters.JUnitReportReporter -->
<testsuite hostname="DESKTOP-7UARISK" failures="0" tests="1" name="org.nafeth.randomTests.LoginTests" time="6.552" errors="0" timestamp="2021-09-12T17:50:21 EEST" skipped="0">
  <testcase classname="org.nafeth.randomTests.LoginTests" name="loginWithValidCredentials" time="6.552"/>
  <system-out/>
</testsuite> <!-- org.nafeth.randomTests.LoginTests -->
